<?xml version="1.0" encoding="utf-8"?><testsuites name="pytest tests"><testsuite name="pytest" errors="0" failures="6" skipped="1" tests="10" time="25.348" timestamp="2026-02-20T18:32:21.940125+00:00" hostname="runnervmwffz4"><properties><property name="hypothesis-statistics-verification/api-validator.py::test_api[GET /api/v1/status/resources/{resource_id}]" value="dmVyaWZpY2F0aW9uL2FwaS12YWxpZGF0b3IucHk6OnRlc3RfYXBpW0dFVCAvYXBpL3YxL3N0YXR1cy9yZXNvdXJjZXMve3Jlc291cmNlX2lkfV06CgogIC0gZHVyaW5nIGdlbmVyYXRlIHBoYXNlICgyLjIzIHNlY29uZHMpOgogICAgLSBUeXBpY2FsIHJ1bnRpbWVzOiB+IDMtOTcgbXMsIG9mIHdoaWNoIH4gMC00IG1zIGluIGRhdGEgZ2VuZXJhdGlvbgogICAgLSAyMCBwYXNzaW5nIGV4YW1wbGVzLCAwIGZhaWxpbmcgZXhhbXBsZXMsIDQ4IGludmFsaWQgZXhhbXBsZXMKICAgIC0gRXZlbnRzOgogICAgICAqIDcwLjU5JSwgUmV0cmllZCBkcmF3IGZyb20gdGV4dChjaGFyYWN0ZXJzKGNvZGVjPSd1dGYtOCcsIG1pbl9jb2RlcG9pbnQ9MCksIG1pbl9zaXplPTEpLmZpbHRlcihsYW1iZGEgdjogbm90IHZhbGlkYXRvcih2KSkgdG8gc2F0aXNmeSBmaWx0ZXIKICAgICAgKiA2Ny42NSUsIGludmFsaWQgYmVjYXVzZTogQWJvcnRlZCB0ZXN0IGJlY2F1c2UgdW5hYmxlIHRvIHNhdGlzZnkgdGV4dChjaGFyYWN0ZXJzKGNvZGVjPSd1dGYtOCcsIG1pbl9jb2RlcG9pbnQ9MCksIG1pbl9zaXplPTEpLmZpbHRlcihsYW1iZGEgdjogbm90IHZhbGlkYXRvcih2KSkKICAgICAgKiAxLjQ3JSwgUmV0cmllZCBkcmF3IGZyb20gPGh5cG90aGVzaXMuc3RyYXRlZ2llcy5faW50ZXJuYWwuY29yZS5Db21wb3NpdGVTdHJhdGVneSBvYmplY3QgYXQgMHg3ZmNkN2U2ZTVlNTA+LmZpbHRlcihpc192YWxpZF9wYXRoKSB0byBzYXRpc2Z5IGZpbHRlcgoKICAtIFN0b3BwZWQgYmVjYXVzZSBzZXR0aW5ncy5tYXhfZXhhbXBsZXM9MjA=" /><property name="hypothesis-statistics-verification/api-validator.py::test_api[GET /api/v1/status/incidents/{incident_id}]" value="dmVyaWZpY2F0aW9uL2FwaS12YWxpZGF0b3IucHk6OnRlc3RfYXBpW0dFVCAvYXBpL3YxL3N0YXR1cy9pbmNpZGVudHMve2luY2lkZW50X2lkfV06CgogIC0gZHVyaW5nIGdlbmVyYXRlIHBoYXNlICgyLjEwIHNlY29uZHMpOgogICAgLSBUeXBpY2FsIHJ1bnRpbWVzOiB+IDMtOTggbXMsIG9mIHdoaWNoIH4gMC0zIG1zIGluIGRhdGEgZ2VuZXJhdGlvbgogICAgLSAyMCBwYXNzaW5nIGV4YW1wbGVzLCAwIGZhaWxpbmcgZXhhbXBsZXMsIDQ4IGludmFsaWQgZXhhbXBsZXMKICAgIC0gRXZlbnRzOgogICAgICAqIDcwLjU5JSwgUmV0cmllZCBkcmF3IGZyb20gdGV4dChjaGFyYWN0ZXJzKGNvZGVjPSd1dGYtOCcsIG1pbl9jb2RlcG9pbnQ9MCksIG1pbl9zaXplPTEpLmZpbHRlcihsYW1iZGEgdjogbm90IHZhbGlkYXRvcih2KSkgdG8gc2F0aXNmeSBmaWx0ZXIKICAgICAgKiA2Ny42NSUsIGludmFsaWQgYmVjYXVzZTogQWJvcnRlZCB0ZXN0IGJlY2F1c2UgdW5hYmxlIHRvIHNhdGlzZnkgdGV4dChjaGFyYWN0ZXJzKGNvZGVjPSd1dGYtOCcsIG1pbl9jb2RlcG9pbnQ9MCksIG1pbl9zaXplPTEpLmZpbHRlcihsYW1iZGEgdjogbm90IHZhbGlkYXRvcih2KSkKICAgICAgKiAxLjQ3JSwgUmV0cmllZCBkcmF3IGZyb20gPGh5cG90aGVzaXMuc3RyYXRlZ2llcy5faW50ZXJuYWwuY29yZS5Db21wb3NpdGVTdHJhdGVneSBvYmplY3QgYXQgMHg3ZmNkN2YwZmQxNTA+LmZpbHRlcihpc192YWxpZF9wYXRoKSB0byBzYXRpc2Z5IGZpbHRlcgoKICAtIFN0b3BwZWQgYmVjYXVzZSBzZXR0aW5ncy5tYXhfZXhhbXBsZXM9MjA=" /><property name="hypothesis-statistics-verification/api-validator.py::test_api[GET /api/v1/status/incidents/{incident_id}/events/{event_id}]" value="dmVyaWZpY2F0aW9uL2FwaS12YWxpZGF0b3IucHk6OnRlc3RfYXBpW0dFVCAvYXBpL3YxL3N0YXR1cy9pbmNpZGVudHMve2luY2lkZW50X2lkfS9ldmVudHMve2V2ZW50X2lkfV06CgogIC0gZHVyaW5nIGdlbmVyYXRlIHBoYXNlICgyLjA5IHNlY29uZHMpOgogICAgLSBUeXBpY2FsIHJ1bnRpbWVzOiB+IDMtOTcgbXMsIG9mIHdoaWNoIH4gMC00IG1zIGluIGRhdGEgZ2VuZXJhdGlvbgogICAgLSAyMCBwYXNzaW5nIGV4YW1wbGVzLCAwIGZhaWxpbmcgZXhhbXBsZXMsIDU1IGludmFsaWQgZXhhbXBsZXMKICAgIC0gRXZlbnRzOgogICAgICAqIDY4LjAwJSwgUmV0cmllZCBkcmF3IGZyb20gdGV4dChjaGFyYWN0ZXJzKGNvZGVjPSd1dGYtOCcsIG1pbl9jb2RlcG9pbnQ9MCksIG1pbl9zaXplPTEpLmZpbHRlcihsYW1iZGEgdjogbm90IHZhbGlkYXRvcih2KSkgdG8gc2F0aXNmeSBmaWx0ZXIKICAgICAgKiA2NS4zMyUsIGludmFsaWQgYmVjYXVzZTogQWJvcnRlZCB0ZXN0IGJlY2F1c2UgdW5hYmxlIHRvIHNhdGlzZnkgdGV4dChjaGFyYWN0ZXJzKGNvZGVjPSd1dGYtOCcsIG1pbl9jb2RlcG9pbnQ9MCksIG1pbl9zaXplPTEpLmZpbHRlcihsYW1iZGEgdjogbm90IHZhbGlkYXRvcih2KSkKICAgICAgKiAxLjMzJSwgUmV0cmllZCBkcmF3IGZyb20gPGh5cG90aGVzaXMuc3RyYXRlZ2llcy5faW50ZXJuYWwuY29yZS5Db21wb3NpdGVTdHJhdGVneSBvYmplY3QgYXQgMHg3ZmNkN2U2YTViNTA+LmZpbHRlcihpc192YWxpZF9wYXRoKSB0byBzYXRpc2Z5IGZpbHRlcgoKICAtIFN0b3BwZWQgYmVjYXVzZSBzZXR0aW5ncy5tYXhfZXhhbXBsZXM9MjA=" /></properties><testcase classname="verification.api-validator" name="test_spec_compliance" time="0.000"><skipped type="pytest.skip" message="Compliance mode not enabled">/home/runner/work/iri-facility-api-docs/iri-facility-api-docs/verification/api-validator.py:125: Compliance mode not enabled</skipped></testcase><testcase classname="verification.api-validator" name="test_api[GET /api/v1/facility]" time="1.835"><failure message="ServerError() [single exception in FailureGroup]">+ Exception Group Traceback (most recent call last):
  |   File "/opt/hostedtoolcache/Python/3.14.2/x64/lib/python3.14/site-packages/schemathesis/generation/hypothesis/builder.py", line 268, in test_api
  |     def test_wrapper(*args: Any, **kwargs: Any) -&gt; Any:
  |                ^^^
  |   File "/opt/hostedtoolcache/Python/3.14.2/x64/lib/python3.14/site-packages/hypothesis/core.py", line 2184, in wrapped_test
  |     _raise_to_user(errors, state.settings, [], " in explicit examples")
  |     ~~~~~~~~~~~~~~^^^^^^^^^^^^^^^^^^^^^^^^^^^^^^^^^^^^^^^^^^^^^^^^^^^^^
  |   File "/opt/hostedtoolcache/Python/3.14.2/x64/lib/python3.14/site-packages/hypothesis/core.py", line 1656, in _raise_to_user
  |     raise the_error_hypothesis_found
  |   File "/opt/hostedtoolcache/Python/3.14.2/x64/lib/python3.14/site-packages/schemathesis/generation/hypothesis/builder.py", line 270, in test_wrapper
  |     return test_function(*args, **kwargs)
  |   File "/home/runner/work/iri-facility-api-docs/iri-facility-api-docs/verification/api-validator.py", line 216, in test_api
  |     case.validate_response(
  |     ~~~~~~~~~~~~~~~~~~~~~~^
  |         response,
  |         ^^^^^^^^^
  |     ...&lt;3 lines&gt;...
  |         ],
  |         ^^
  |     )
  |     ^
  |   File "/opt/hostedtoolcache/Python/3.14.2/x64/lib/python3.14/site-packages/schemathesis/generation/case.py", line 478, in validate_response
  |     raise FailureGroup(_failures, message) from None
  | schemathesis.core.failures.FailureGroup: Schemathesis found 1 distinct failure
  | 
  | - Server error
  | 
  | [501] Not Implemented:
  | 
  |     `{"type":"https://api.alcf.anl.gov/problems/generic-error","title":"'modified_since' filter not supported yet.","status":501,"detail":"'modified_since' filter not supported yet.","instance":"https://facility-api-vmw-01.cels.anl.gov/api/v1/facility?modified_since=2000-01-01T00%253A00%253A00Z"}`
  | 
  | Reproduce with:
  | 
  |     curl -X GET -H 'Accept: application/json' -H 'Authorization: [Filtered]' 'https://api.alcf.anl.gov/api/v1/facility?modified_since=2000-01-01T00%3A00%3A00Z'
  | 
  |  (1 sub-exception)
  +-+---------------- 1 ----------------
    | schemathesis.core.failures.ServerError: Server error
    +------------------------------------</failure></testcase><testcase classname="verification.api-validator" name="test_api[GET /api/v1/facility/sites]" time="0.103"><failure message="ServerError() [single exception in FailureGroup]">+ Exception Group Traceback (most recent call last):
  |   File "/opt/hostedtoolcache/Python/3.14.2/x64/lib/python3.14/site-packages/schemathesis/generation/hypothesis/builder.py", line 268, in test_api
  |     def test_wrapper(*args: Any, **kwargs: Any) -&gt; Any:
  |                ^^^
  |   File "/opt/hostedtoolcache/Python/3.14.2/x64/lib/python3.14/site-packages/hypothesis/core.py", line 2184, in wrapped_test
  |     _raise_to_user(errors, state.settings, [], " in explicit examples")
  |     ~~~~~~~~~~~~~~^^^^^^^^^^^^^^^^^^^^^^^^^^^^^^^^^^^^^^^^^^^^^^^^^^^^^
  |   File "/opt/hostedtoolcache/Python/3.14.2/x64/lib/python3.14/site-packages/hypothesis/core.py", line 1656, in _raise_to_user
  |     raise the_error_hypothesis_found
  |   File "/opt/hostedtoolcache/Python/3.14.2/x64/lib/python3.14/site-packages/schemathesis/generation/hypothesis/builder.py", line 270, in test_wrapper
  |     return test_function(*args, **kwargs)
  |   File "/home/runner/work/iri-facility-api-docs/iri-facility-api-docs/verification/api-validator.py", line 216, in test_api
  |     case.validate_response(
  |     ~~~~~~~~~~~~~~~~~~~~~~^
  |         response,
  |         ^^^^^^^^^
  |     ...&lt;3 lines&gt;...
  |         ],
  |         ^^
  |     )
  |     ^
  |   File "/opt/hostedtoolcache/Python/3.14.2/x64/lib/python3.14/site-packages/schemathesis/generation/case.py", line 478, in validate_response
  |     raise FailureGroup(_failures, message) from None
  | schemathesis.core.failures.FailureGroup: Schemathesis found 1 distinct failure
  | 
  | - Server error
  | 
  | [501] Not Implemented:
  | 
  |     `{"type":"https://api.alcf.anl.gov/problems/generic-error","title":"'modified_since' filter not supported yet.","status":501,"detail":"'modified_since' filter not supported yet.","instance":"https://facility-api-vmw-01.cels.anl.gov/api/v1/facility/sites?limit=100&amp;modified_since=2000-01-01T00%253A00%253A00Z&amp;name=0&amp;offset=0"}`
  | 
  | Reproduce with:
  | 
  |     curl -X GET -H 'Accept: application/json' -H 'Authorization: [Filtered]' 'https://api.alcf.anl.gov/api/v1/facility/sites?modified_since=2000-01-01T00%3A00%3A00Z&amp;name=0&amp;offset=0&amp;limit=100'
  | 
  |  (1 sub-exception)
  +-+---------------- 1 ----------------
    | schemathesis.core.failures.ServerError: Server error
    +------------------------------------</failure></testcase><testcase classname="verification.api-validator" name="test_api[GET /api/v1/facility/sites/{site_id}]" time="1.270"><failure message="ServerError() [single exception in FailureGroup]">+ Exception Group Traceback (most recent call last):
  |   File "/opt/hostedtoolcache/Python/3.14.2/x64/lib/python3.14/site-packages/schemathesis/generation/hypothesis/builder.py", line 268, in test_api
  |     def test_wrapper(*args: Any, **kwargs: Any) -&gt; Any:
  |                ^^^
  |   File "/opt/hostedtoolcache/Python/3.14.2/x64/lib/python3.14/site-packages/hypothesis/core.py", line 2184, in wrapped_test
  |     _raise_to_user(errors, state.settings, [], " in explicit examples")
  |     ~~~~~~~~~~~~~~^^^^^^^^^^^^^^^^^^^^^^^^^^^^^^^^^^^^^^^^^^^^^^^^^^^^^
  |   File "/opt/hostedtoolcache/Python/3.14.2/x64/lib/python3.14/site-packages/hypothesis/core.py", line 1656, in _raise_to_user
  |     raise the_error_hypothesis_found
  |   File "/opt/hostedtoolcache/Python/3.14.2/x64/lib/python3.14/site-packages/schemathesis/generation/hypothesis/builder.py", line 270, in test_wrapper
  |     return test_function(*args, **kwargs)
  |   File "/home/runner/work/iri-facility-api-docs/iri-facility-api-docs/verification/api-validator.py", line 216, in test_api
  |     case.validate_response(
  |     ~~~~~~~~~~~~~~~~~~~~~~^
  |         response,
  |         ^^^^^^^^^
  |     ...&lt;3 lines&gt;...
  |         ],
  |         ^^
  |     )
  |     ^
  |   File "/opt/hostedtoolcache/Python/3.14.2/x64/lib/python3.14/site-packages/schemathesis/generation/case.py", line 478, in validate_response
  |     raise FailureGroup(_failures, message) from None
  | schemathesis.core.failures.FailureGroup: Schemathesis found 1 distinct failure
  | 
  | - Server error
  | 
  | [501] Not Implemented:
  | 
  |     `{"type":"https://api.alcf.anl.gov/problems/generic-error","title":"'modified_since' filter not supported yet.","status":501,"detail":"'modified_since' filter not supported yet.","instance":"https://facility-api-vmw-01.cels.anl.gov/api/v1/facility/sites/0?modified_since=2000-01-01T00%253A00%253A00Z"}`
  | 
  | Reproduce with:
  | 
  |     curl -X GET -H 'Accept: application/json' -H 'Authorization: [Filtered]' 'https://api.alcf.anl.gov/api/v1/facility/sites/0?modified_since=2000-01-01T00%3A00%3A00Z'
  | 
  |  (1 sub-exception)
  +-+---------------- 1 ----------------
    | schemathesis.core.failures.ServerError: Server error
    +------------------------------------</failure></testcase><testcase classname="verification.api-validator" name="test_api[GET /api/v1/status/resources]" time="0.152"><failure message="ServerError() [single exception in FailureGroup]">+ Exception Group Traceback (most recent call last):
  |   File "/opt/hostedtoolcache/Python/3.14.2/x64/lib/python3.14/site-packages/schemathesis/generation/hypothesis/builder.py", line 268, in test_api
  |     def test_wrapper(*args: Any, **kwargs: Any) -&gt; Any:
  |                ^^^
  |   File "/opt/hostedtoolcache/Python/3.14.2/x64/lib/python3.14/site-packages/hypothesis/core.py", line 2184, in wrapped_test
  |     _raise_to_user(errors, state.settings, [], " in explicit examples")
  |     ~~~~~~~~~~~~~~^^^^^^^^^^^^^^^^^^^^^^^^^^^^^^^^^^^^^^^^^^^^^^^^^^^^^
  |   File "/opt/hostedtoolcache/Python/3.14.2/x64/lib/python3.14/site-packages/hypothesis/core.py", line 1656, in _raise_to_user
  |     raise the_error_hypothesis_found
  |   File "/opt/hostedtoolcache/Python/3.14.2/x64/lib/python3.14/site-packages/schemathesis/generation/hypothesis/builder.py", line 270, in test_wrapper
  |     return test_function(*args, **kwargs)
  |   File "/home/runner/work/iri-facility-api-docs/iri-facility-api-docs/verification/api-validator.py", line 216, in test_api
  |     case.validate_response(
  |     ~~~~~~~~~~~~~~~~~~~~~~^
  |         response,
  |         ^^^^^^^^^
  |     ...&lt;3 lines&gt;...
  |         ],
  |         ^^
  |     )
  |     ^
  |   File "/opt/hostedtoolcache/Python/3.14.2/x64/lib/python3.14/site-packages/schemathesis/generation/case.py", line 478, in validate_response
  |     raise FailureGroup(_failures, message) from None
  | schemathesis.core.failures.FailureGroup: Schemathesis found 1 distinct failure
  | 
  | - Server error
  | 
  | [501] Not Implemented:
  | 
  |     `{"type":"https://api.alcf.anl.gov/problems/generic-error","title":"'modified_since' filter not supported yet.","status":501,"detail":"'modified_since' filter not supported yet.","instance":"https://facility-api-vmw-01.cels.anl.gov/api/v1/status/resources?capability=bytes&amp;current_status=up&amp;description=0&amp;group=0&amp;limit=100&amp;modified_since=2000-01-01T00%253A00%253A00Z&amp;name=0&amp;offset=0"}`
  | 
  | Reproduce with:
  | 
  |     curl -X GET -H 'Accept: application/json' -H 'Authorization: [Filtered]' 'https://api.alcf.anl.gov/api/v1/status/resources?name=0&amp;description=0&amp;group=0&amp;offset=0&amp;limit=100&amp;modified_since=2000-01-01T00%3A00%3A00Z&amp;current_status=up&amp;capability=bytes'
  | 
  |  (1 sub-exception)
  +-+---------------- 1 ----------------
    | schemathesis.core.failures.ServerError: Server error
    +------------------------------------</failure></testcase><testcase classname="verification.api-validator" name="test_api[GET /api/v1/status/resources/{resource_id}]" time="3.035" /><testcase classname="verification.api-validator" name="test_api[GET /api/v1/status/incidents]" time="0.100"><failure message="ServerError() [single exception in FailureGroup]">+ Exception Group Traceback (most recent call last):
  |   File "/opt/hostedtoolcache/Python/3.14.2/x64/lib/python3.14/site-packages/schemathesis/generation/hypothesis/builder.py", line 268, in test_api
  |     def test_wrapper(*args: Any, **kwargs: Any) -&gt; Any:
  |                ^^^
  |   File "/opt/hostedtoolcache/Python/3.14.2/x64/lib/python3.14/site-packages/hypothesis/core.py", line 2184, in wrapped_test
  |     _raise_to_user(errors, state.settings, [], " in explicit examples")
  |     ~~~~~~~~~~~~~~^^^^^^^^^^^^^^^^^^^^^^^^^^^^^^^^^^^^^^^^^^^^^^^^^^^^^
  |   File "/opt/hostedtoolcache/Python/3.14.2/x64/lib/python3.14/site-packages/hypothesis/core.py", line 1656, in _raise_to_user
  |     raise the_error_hypothesis_found
  |   File "/opt/hostedtoolcache/Python/3.14.2/x64/lib/python3.14/site-packages/schemathesis/generation/hypothesis/builder.py", line 270, in test_wrapper
  |     return test_function(*args, **kwargs)
  |   File "/home/runner/work/iri-facility-api-docs/iri-facility-api-docs/verification/api-validator.py", line 216, in test_api
  |     case.validate_response(
  |     ~~~~~~~~~~~~~~~~~~~~~~^
  |         response,
  |         ^^^^^^^^^
  |     ...&lt;3 lines&gt;...
  |         ],
  |         ^^
  |     )
  |     ^
  |   File "/opt/hostedtoolcache/Python/3.14.2/x64/lib/python3.14/site-packages/schemathesis/generation/case.py", line 478, in validate_response
  |     raise FailureGroup(_failures, message) from None
  | schemathesis.core.failures.FailureGroup: Schemathesis found 1 distinct failure
  | 
  | - Server error
  | 
  | [501] Not Implemented:
  | 
  |     `{"type":"https://api.alcf.anl.gov/problems/generic-error","title":"'modified_since' filter not supported yet.","status":501,"detail":"'modified_since' filter not supported yet.","instance":"https://facility-api-vmw-01.cels.anl.gov/api/v1/status/incidents?description=0&amp;from=2000-01-01T00%253A00%253A00Z&amp;limit=100&amp;modified_since=2000-01-01T00%253A00%253A00Z&amp;name=0&amp;offset=0&amp;resolution=unresolved&amp;resource_id=0&amp;status=up&amp;time=2000-01-01T00%253A00%253A00Z&amp;to=2000-01-01T00%253A00%253A00Z"}`
  | 
  | Reproduce with:
  | 
  |     curl -X GET -H 'Accept: application/json' -H 'Authorization: [Filtered]' 'https://api.alcf.anl.gov/api/v1/status/incidents?name=0&amp;description=0&amp;status=up&amp;from=2000-01-01T00%3A00%3A00Z&amp;time=2000-01-01T00%3A00%3A00Z&amp;to=2000-01-01T00%3A00%3A00Z&amp;modified_since=2000-01-01T00%3A00%3A00Z&amp;resource_id=0&amp;offset=0&amp;limit=100&amp;resolution=unresolved'
  | 
  |  (1 sub-exception)
  +-+---------------- 1 ----------------
    | schemathesis.core.failures.ServerError: Server error
    +------------------------------------</failure></testcase><testcase classname="verification.api-validator" name="test_api[GET /api/v1/status/incidents/{incident_id}]" time="2.668" /><testcase classname="verification.api-validator" name="test_api[GET /api/v1/status/incidents/{incident_id}/events]" time="0.093"><failure message="ServerError() [single exception in FailureGroup]">+ Exception Group Traceback (most recent call last):
  |   File "/opt/hostedtoolcache/Python/3.14.2/x64/lib/python3.14/site-packages/schemathesis/generation/hypothesis/builder.py", line 268, in test_api
  |     def test_wrapper(*args: Any, **kwargs: Any) -&gt; Any:
  |                ^^^
  |   File "/opt/hostedtoolcache/Python/3.14.2/x64/lib/python3.14/site-packages/hypothesis/core.py", line 2184, in wrapped_test
  |     _raise_to_user(errors, state.settings, [], " in explicit examples")
  |     ~~~~~~~~~~~~~~^^^^^^^^^^^^^^^^^^^^^^^^^^^^^^^^^^^^^^^^^^^^^^^^^^^^^
  |   File "/opt/hostedtoolcache/Python/3.14.2/x64/lib/python3.14/site-packages/hypothesis/core.py", line 1656, in _raise_to_user
  |     raise the_error_hypothesis_found
  |   File "/opt/hostedtoolcache/Python/3.14.2/x64/lib/python3.14/site-packages/schemathesis/generation/hypothesis/builder.py", line 270, in test_wrapper
  |     return test_function(*args, **kwargs)
  |   File "/home/runner/work/iri-facility-api-docs/iri-facility-api-docs/verification/api-validator.py", line 216, in test_api
  |     case.validate_response(
  |     ~~~~~~~~~~~~~~~~~~~~~~^
  |         response,
  |         ^^^^^^^^^
  |     ...&lt;3 lines&gt;...
  |         ],
  |         ^^
  |     )
  |     ^
  |   File "/opt/hostedtoolcache/Python/3.14.2/x64/lib/python3.14/site-packages/schemathesis/generation/case.py", line 478, in validate_response
  |     raise FailureGroup(_failures, message) from None
  | schemathesis.core.failures.FailureGroup: Schemathesis found 1 distinct failure
  | 
  | - Server error
  | 
  | [501] Not Implemented:
  | 
  |     `{"type":"https://api.alcf.anl.gov/problems/generic-error","title":"'modified_since' filter not supported yet.","status":501,"detail":"'modified_since' filter not supported yet.","instance":"https://facility-api-vmw-01.cels.anl.gov/api/v1/status/incidents/0/events?description=0&amp;from=2000-01-01T00%253A00%253A00Z&amp;limit=100&amp;modified_since=2000-01-01T00%253A00%253A00Z&amp;name=0&amp;offset=0&amp;resource_id=0&amp;status=up&amp;time=2000-01-01T00%253A00%253A00Z"}`
  | 
  | Reproduce with:
  | 
  |     curl -X GET -H 'Accept: application/json' -H 'Authorization: [Filtered]' 'https://api.alcf.anl.gov/api/v1/status/incidents/0/events?resource_id=0&amp;name=0&amp;description=0&amp;status=up&amp;from=2000-01-01T00%3A00%3A00Z&amp;time=2000-01-01T00%3A00%3A00Z&amp;modified_since=2000-01-01T00%3A00%3A00Z&amp;offset=0&amp;limit=100'
  | 
  |  (1 sub-exception)
  +-+---------------- 1 ----------------
    | schemathesis.core.failures.ServerError: Server error
    +------------------------------------</failure></testcase><testcase classname="verification.api-validator" name="test_api[GET /api/v1/status/incidents/{incident_id}/events/{event_id}]" time="2.608" /></testsuite></testsuites>