<?xml version="1.0" encoding="utf-8"?><testsuites name="pytest tests"><testsuite name="pytest" errors="0" failures="0" skipped="1" tests="44" time="637.140" timestamp="2026-04-25T16:10:12.961883+00:00" hostname="runnervmeorf1"><properties>
[...]
</properties><testcase classname="verification.api-validator" name="test_spec_compliance" time="0.000"><skipped type="pytest.skip" message="Compliance mode not enabled">/home/runner/work/iri-facility-api-docs/iri-facility-api-docs/verification/api-validator.py:126: Compliance mode not enabled</skipped></testcase><testcase classname="verification.api-validator" name="test_api[GET /api/v1/facility]" time="1.605" /><testcase classname="verification.api-validator" name="test_api[GET /api/v1/facility/sites]" time="3.434" /><testcase classname="verification.api-validator" name="test_api[GET /api/v1/facility/sites/{site_id}]" time="1.285" /><testcase classname="verification.api-validator" name="test_api[GET /api/v1/status/resources]" time="4.862" /><testcase classname="verification.api-validator" name="test_api[GET /api/v1/status/resources/{resource_id}]" time="1.094" /><testcase classname="verification.api-validator" name="test_api[GET /api/v1/status/incidents]" time="6.638" /><testcase classname="verification.api-validator" name="test_api[GET /api/v1/status/incidents/{incident_id}]" time="1.178" /><testcase classname="verification.api-validator" name="test_api[GET /api/v1/status/events]" time="6.034" /><testcase classname="verification.api-validator" name="test_api[GET /api/v1/status/events/{event_id}]" time="1.153" /><testcase classname="verification.api-validator" name="test_api[GET /api/v1/account/capabilities]" time="3.195" /><testcase classname="verification.api-validator" name="test_api[GET /api/v1/account/capabilities/{capability_id}]" time="1.233" /><testcase classname="verification.api-validator" name="test_api[GET /api/v1/account/projects]" time="4.178" /><testcase classname="verification.api-validator" name="test_api[GET /api/v1/account/projects/{project_id}]" time="6.907" /><testcase classname="verification.api-validator" name="test_api[GET /api/v1/account/projects/{project_id}/project_allocations]" time="6.779" /><testcase classname="verification.api-validator" name="test_api[GET /api/v1/account/projects/{project_id}/project_allocations/{project_allocation_id}]" time="6.918" /><testcase classname="verification.api-validator" name="test_api[GET /api/v1/account/projects/{project_id}/project_allocations/{project_allocation_id}/user_allocations]" time="7.142" /><testcase classname="verification.api-validator" name="test_api[GET /api/v1/account/projects/{project_id}/project_allocations/{project_allocation_id}/user_allocations/{user_allocation_id}]" time="6.921" /><testcase classname="verification.api-validator" name="test_api[POST /api/v1/compute/job/{resource_id}]" time="96.466" /><testcase classname="verification.api-validator" name="test_api[PUT /api/v1/compute/job/{resource_id}/{job_id}]" time="96.861" /><testcase classname="verification.api-validator" name="test_api[GET /api/v1/compute/status/{resource_id}/{job_id}]" time="16.053" /><testcase classname="verification.api-validator" name="test_api[POST /api/v1/compute/status/{resource_id}]" time="28.968" /><testcase classname="verification.api-validator" name="test_api[DELETE /api/v1/compute/cancel/{resource_id}/{job_id}]" time="7.013" /><testcase classname="verification.api-validator" name="test_api[PUT /api/v1/filesystem/chmod/{resource_id}]" time="13.458" /><testcase classname="verification.api-validator" name="test_api[PUT /api/v1/filesystem/chown/{resource_id}]" time="15.675" /><testcase classname="verification.api-validator" name="test_api[GET /api/v1/filesystem/file/{resource_id}]" time="7.211" /><testcase classname="verification.api-validator" name="test_api[GET /api/v1/filesystem/stat/{resource_id}]" time="9.347" /><testcase classname="verification.api-validator" name="test_api[POST /api/v1/filesystem/mkdir/{resource_id}]" time="14.199" /><testcase classname="verification.api-validator" name="test_api[POST /api/v1/filesystem/symlink/{resource_id}]" time="12.991" /><testcase classname="verification.api-validator" name="test_api[GET /api/v1/filesystem/ls/{resource_id}]" time="22.864" /><testcase classname="verification.api-validator" name="test_api[GET /api/v1/filesystem/head/{resource_id}]" time="19.505" /><testcase classname="verification.api-validator" name="test_api[GET /api/v1/filesystem/view/{resource_id}]" time="18.351" /><testcase classname="verification.api-validator" name="test_api[GET /api/v1/filesystem/tail/{resource_id}]" time="22.737" /><testcase classname="verification.api-validator" name="test_api[GET /api/v1/filesystem/checksum/{resource_id}]" time="7.359" /><testcase classname="verification.api-validator" name="test_api[DELETE /api/v1/filesystem/rm/{resource_id}]" time="7.207" /><testcase classname="verification.api-validator" name="test_api[POST /api/v1/filesystem/compress/{resource_id}]" time="21.292" /><testcase classname="verification.api-validator" name="test_api[POST /api/v1/filesystem/extract/{resource_id}]" time="16.526" /><testcase classname="verification.api-validator" name="test_api[POST /api/v1/filesystem/mv/{resource_id}]" time="12.824" /><testcase classname="verification.api-validator" name="test_api[POST /api/v1/filesystem/cp/{resource_id}]" time="15.724" /><testcase classname="verification.api-validator" name="test_api[GET /api/v1/filesystem/download/{resource_id}]" time="7.180" /><testcase classname="verification.api-validator" name="test_api[POST /api/v1/filesystem/upload/{resource_id}]" time="7.922" /><testcase classname="verification.api-validator" name="test_api[GET /api/v1/task/{task_id}]" time="7.059" /><testcase classname="verification.api-validator" name="test_api[DELETE /api/v1/task/{task_id}]" time="6.874" /><testcase classname="verification.api-validator" name="test_api[GET /api/v1/task]" time="3.867" /></testsuite></testsuites>