<?xml version="1.0" encoding="utf-8"?><testsuites name="pytest tests"><testsuite name="pytest" errors="0" failures="0" skipped="1" tests="2" time="1.290" timestamp="2026-03-19T15:10:02.729080+00:00" hostname="runnervm46oaq"><testcase classname="verification.api-validator" name="test_spec_compliance" time="1.271" /><testcase classname="verification.api-validator" name="test_api" time="0.000"><skipped type="pytest.skip" message="Schemathesis disabled in spec compliance mode">/home/runner/work/iri-facility-api-docs/iri-facility-api-docs/verification/api-validator.py:225: Schemathesis disabled in spec compliance mode</skipped></testcase></testsuite></testsuites>