<?xml version="1.0" encoding="utf-8"?><testsuites name="pytest tests"><testsuite name="pytest" errors="0" failures="0" skipped="1" tests="26" time="125.351" timestamp="2026-03-05T11:38:07.929328+00:00" hostname="runnervm0kj6c"><properties>
[...]
</properties><testcase classname="verification.api-validator" name="test_spec_compliance" time="0.000"><skipped type="pytest.skip" message="Compliance mode not enabled">/home/runner/work/iri-facility-api-docs/iri-facility-api-docs/verification/api-validator.py:126: Compliance mode not enabled</skipped></testcase><testcase classname="verification.api-validator" name="test_api[GET /api/v1/status/resources]" time="0.766" /><testcase classname="verification.api-validator" name="test_api[GET /api/v1/status/resources/{resource_id}]" time="0.309" /><testcase classname="verification.api-validator" name="test_api[GET /api/v1/status/incidents]" time="0.969" /><testcase classname="verification.api-validator" name="test_api[GET /api/v1/status/incidents/{incident_id}]" time="0.348" /><testcase classname="verification.api-validator" name="test_api[GET /api/v1/status/incidents/{incident_id}/resources]" time="0.393" /><testcase classname="verification.api-validator" name="test_api[GET /api/v1/status/events]" time="0.688" /><testcase classname="verification.api-validator" name="test_api[GET /api/v1/status/events/{event_id}]" time="0.291" /><testcase classname="verification.api-validator" name="test_api[GET /api/v1/status/events/{event_id}/resource]" time="0.260" /><testcase classname="verification.api-validator" name="test_api[GET /api/v1/status/events/{event_id}/incident]" time="0.338" /><testcase classname="verification.api-validator" name="test_api[GET /api/v1/facility]" time="0.371" /><testcase classname="verification.api-validator" name="test_api[GET /api/v1/facility/sites]" time="0.622" /><testcase classname="verification.api-validator" name="test_api[GET /api/v1/facility/sites/{site_id}]" time="0.262" /><testcase classname="verification.api-validator" name="test_api[GET /api/v1/account]" time="0.036" /><testcase classname="verification.api-validator" name="test_api[GET /api/v1/account/user_allocations]" time="0.479" /><testcase classname="verification.api-validator" name="test_api[GET /api/v1/account/user_allocations/{user_allocation_id}]" time="0.322" /><testcase classname="verification.api-validator" name="test_api[GET /api/v1/account/projects]" time="0.508" /><testcase classname="verification.api-validator" name="test_api[GET /api/v1/account/projects/{project_id}]" time="0.310" /><testcase classname="verification.api-validator" name="test_api[GET /api/v1/account/projects/{project_id}/project_allocations]" time="0.470" /><testcase classname="verification.api-validator" name="test_api[GET /api/v1/account/projects/{project_id}/project_allocations/{project_allocation_id}]" time="0.233" /><testcase classname="verification.api-validator" name="test_api[GET /api/v1/account/projects/{project_id}/project_allocations/{project_allocation_id}/user_allocations]" time="0.417" /><testcase classname="verification.api-validator" name="test_api[GET /api/v1/account/projects/{project_id}/project_allocations/{project_allocation_id}/user_allocations/{user_allocation_id}]" time="0.369" /><testcase classname="verification.api-validator" name="test_api[GET /api/v1/account/project_allocations]" time="0.481" /><testcase classname="verification.api-validator" name="test_api[GET /api/v1/account/project_allocations/{project_allocation_id}]" time="0.360" /><testcase classname="verification.api-validator" name="test_api[GET /api/v1/account/capabilities]" time="0.529" /><testcase classname="verification.api-validator" name="test_api[GET /api/v1/account/capabilities/{capability_id}]" time="0.256" /></testsuite></testsuites>