<?xml version="1.0" encoding="utf-8"?><testsuites name="pytest tests"><testsuite name="pytest" errors="0" failures="0" skipped="1" tests="44" time="1724.149" timestamp="2026-03-19T15:37:35.076568+00:00" hostname="runnervm46oaq"><properties>
[...]
</properties><testcase classname="verification.api-validator" name="test_spec_compliance" time="0.000"><skipped type="pytest.skip" message="Compliance mode not enabled">/home/runner/work/iri-facility-api-docs/iri-facility-api-docs/verification/api-validator.py:126: Compliance mode not enabled</skipped></testcase><testcase classname="verification.api-validator" name="test_api[GET /api/v1/account/capabilities]" time="25.825" /><testcase classname="verification.api-validator" name="test_api[GET /api/v1/account/capabilities/{capability_id}]" time="9.555" /><testcase classname="verification.api-validator" name="test_api[GET /api/v1/account/projects]" time="14.970" /><testcase classname="verification.api-validator" name="test_api[GET /api/v1/account/projects/{project_id}]" time="16.520" /><testcase classname="verification.api-validator" name="test_api[GET /api/v1/account/projects/{project_id}/project_allocations]" time="16.631" /><testcase classname="verification.api-validator" name="test_api[GET /api/v1/account/projects/{project_id}/project_allocations/{project_allocation_id}]" time="20.427" /><testcase classname="verification.api-validator" name="test_api[GET /api/v1/account/projects/{project_id}/project_allocations/{project_allocation_id}/user_allocations]" time="17.291" /><testcase classname="verification.api-validator" name="test_api[GET /api/v1/account/projects/{project_id}/project_allocations/{project_allocation_id}/user_allocations/{user_allocation_id}]" time="16.841" /><testcase classname="verification.api-validator" name="test_api[GET /api/v1/facility]" time="10.105" /><testcase classname="verification.api-validator" name="test_api[GET /api/v1/facility/sites]" time="30.030" /><testcase classname="verification.api-validator" name="test_api[GET /api/v1/facility/sites/{site_id}]" time="10.853" /><testcase classname="verification.api-validator" name="test_api[GET /api/v1/status/resources]" time="43.372" /><testcase classname="verification.api-validator" name="test_api[GET /api/v1/status/resources/{resource_id}]" time="8.651" /><testcase classname="verification.api-validator" name="test_api[GET /api/v1/status/incidents]" time="121.044" /><testcase classname="verification.api-validator" name="test_api[GET /api/v1/status/incidents/{incident_id}]" time="15.103" /><testcase classname="verification.api-validator" name="test_api[GET /api/v1/status/incidents/{incident_id}/events]" time="46.755" /><testcase classname="verification.api-validator" name="test_api[GET /api/v1/status/incidents/{incident_id}/events/{event_id}]" time="7.779" /><testcase classname="verification.api-validator" name="test_api[POST /api/v1/compute/job/{resource_id}]" time="239.445" /><testcase classname="verification.api-validator" name="test_api[PUT /api/v1/compute/job/{resource_id}/{job_id}]" time="241.021" /><testcase classname="verification.api-validator" name="test_api[GET /api/v1/compute/status/{resource_id}/{job_id}]" time="38.138" /><testcase classname="verification.api-validator" name="test_api[POST /api/v1/compute/status/{resource_id}]" time="70.248" /><testcase classname="verification.api-validator" name="test_api[DELETE /api/v1/compute/cancel/{resource_id}/{job_id}]" time="17.228" /><testcase classname="verification.api-validator" name="test_api[PUT /api/v1/filesystem/chmod/{resource_id}]" time="30.658" /><testcase classname="verification.api-validator" name="test_api[PUT /api/v1/filesystem/chown/{resource_id}]" time="35.978" /><testcase classname="verification.api-validator" name="test_api[GET /api/v1/filesystem/file/{resource_id}]" time="17.442" /><testcase classname="verification.api-validator" name="test_api[GET /api/v1/filesystem/stat/{resource_id}]" time="22.206" /><testcase classname="verification.api-validator" name="test_api[POST /api/v1/filesystem/mkdir/{resource_id}]" time="31.953" /><testcase classname="verification.api-validator" name="test_api[POST /api/v1/filesystem/symlink/{resource_id}]" time="29.793" /><testcase classname="verification.api-validator" name="test_api[GET /api/v1/filesystem/ls/{resource_id}]" time="51.192" /><testcase classname="verification.api-validator" name="test_api[GET /api/v1/filesystem/head/{resource_id}]" time="45.423" /><testcase classname="verification.api-validator" name="test_api[GET /api/v1/filesystem/view/{resource_id}]" time="44.010" /><testcase classname="verification.api-validator" name="test_api[GET /api/v1/filesystem/tail/{resource_id}]" time="51.225" /><testcase classname="verification.api-validator" name="test_api[GET /api/v1/filesystem/checksum/{resource_id}]" time="17.359" /><testcase classname="verification.api-validator" name="test_api[DELETE /api/v1/filesystem/rm/{resource_id}]" time="17.344" /><testcase classname="verification.api-validator" name="test_api[POST /api/v1/filesystem/compress/{resource_id}]" time="48.671" /><testcase classname="verification.api-validator" name="test_api[POST /api/v1/filesystem/extract/{resource_id}]" time="38.771" /><testcase classname="verification.api-validator" name="test_api[POST /api/v1/filesystem/mv/{resource_id}]" time="30.412" /><testcase classname="verification.api-validator" name="test_api[POST /api/v1/filesystem/cp/{resource_id}]" time="36.988" /><testcase classname="verification.api-validator" name="test_api[GET /api/v1/filesystem/download/{resource_id}]" time="18.893" /><testcase classname="verification.api-validator" name="test_api[POST /api/v1/filesystem/upload/{resource_id}]" time="20.253" /><testcase classname="verification.api-validator" name="test_api[GET /api/v1/task/{task_id}]" time="16.255" /><testcase classname="verification.api-validator" name="test_api[DELETE /api/v1/task/{task_id}]" time="16.834" /><testcase classname="verification.api-validator" name="test_api[GET /api/v1/task]" time="14.714" /></testsuite></testsuites>