<?xml version="1.0" encoding="utf-8"?><testsuites name="pytest tests"><testsuite name="pytest" errors="0" failures="0" skipped="1" tests="44" time="1480.321" timestamp="2026-05-06T17:29:54.264648+00:00" hostname="runnervmeorf1"><properties>
[...]
</properties><testcase classname="verification.api-validator" name="test_spec_compliance" time="0.000"><skipped type="pytest.skip" message="Compliance mode not enabled">/home/runner/work/iri-facility-api-docs/iri-facility-api-docs/verification/api-validator.py:126: Compliance mode not enabled</skipped></testcase><testcase classname="verification.api-validator" name="test_api[GET /api/v1/account/capabilities]" time="14.501" /><testcase classname="verification.api-validator" name="test_api[GET /api/v1/account/capabilities/{capability_id}]" time="5.024" /><testcase classname="verification.api-validator" name="test_api[GET /api/v1/account/projects]" time="11.988" /><testcase classname="verification.api-validator" name="test_api[GET /api/v1/account/projects/{project_id}]" time="14.248" /><testcase classname="verification.api-validator" name="test_api[GET /api/v1/account/projects/{project_id}/project_allocations]" time="13.588" /><testcase classname="verification.api-validator" name="test_api[GET /api/v1/account/projects/{project_id}/project_allocations/{project_allocation_id}]" time="13.799" /><testcase classname="verification.api-validator" name="test_api[GET /api/v1/account/projects/{project_id}/project_allocations/{project_allocation_id}/user_allocations]" time="15.666" /><testcase classname="verification.api-validator" name="test_api[GET /api/v1/account/projects/{project_id}/project_allocations/{project_allocation_id}/user_allocations/{user_allocation_id}]" time="13.794" /><testcase classname="verification.api-validator" name="test_api[POST /api/v1/compute/job/{resource_id}]" time="222.794" /><testcase classname="verification.api-validator" name="test_api[PUT /api/v1/compute/job/{resource_id}/{job_id}]" time="221.917" /><testcase classname="verification.api-validator" name="test_api[GET /api/v1/compute/status/{resource_id}/{job_id}]" time="34.981" /><testcase classname="verification.api-validator" name="test_api[POST /api/v1/compute/status/{resource_id}]" time="58.614" /><testcase classname="verification.api-validator" name="test_api[DELETE /api/v1/compute/cancel/{resource_id}/{job_id}]" time="13.390" /><testcase classname="verification.api-validator" name="test_api[GET /api/v1/facility]" time="6.235" /><testcase classname="verification.api-validator" name="test_api[GET /api/v1/facility/sites]" time="15.570" /><testcase classname="verification.api-validator" name="test_api[GET /api/v1/facility/sites/{site_id}]" time="6.006" /><testcase classname="verification.api-validator" name="test_api[PUT /api/v1/filesystem/chmod/{resource_id}]" time="28.210" /><testcase classname="verification.api-validator" name="test_api[PUT /api/v1/filesystem/chown/{resource_id}]" time="30.053" /><testcase classname="verification.api-validator" name="test_api[GET /api/v1/filesystem/file/{resource_id}]" time="16.771" /><testcase classname="verification.api-validator" name="test_api[GET /api/v1/filesystem/stat/{resource_id}]" time="18.662" /><testcase classname="verification.api-validator" name="test_api[POST /api/v1/filesystem/mkdir/{resource_id}]" time="25.196" /><testcase classname="verification.api-validator" name="test_api[POST /api/v1/filesystem/symlink/{resource_id}]" time="27.783" /><testcase classname="verification.api-validator" name="test_api[GET /api/v1/filesystem/ls/{resource_id}]" time="46.647" /><testcase classname="verification.api-validator" name="test_api[GET /api/v1/filesystem/head/{resource_id}]" time="36.805" /><testcase classname="verification.api-validator" name="test_api[GET /api/v1/filesystem/view/{resource_id}]" time="37.515" /><testcase classname="verification.api-validator" name="test_api[GET /api/v1/filesystem/tail/{resource_id}]" time="48.077" /><testcase classname="verification.api-validator" name="test_api[GET /api/v1/filesystem/checksum/{resource_id}]" time="13.569" /><testcase classname="verification.api-validator" name="test_api[DELETE /api/v1/filesystem/rm/{resource_id}]" time="14.556" /><testcase classname="verification.api-validator" name="test_api[POST /api/v1/filesystem/compress/{resource_id}]" time="43.470" /><testcase classname="verification.api-validator" name="test_api[POST /api/v1/filesystem/extract/{resource_id}]" time="31.559" /><testcase classname="verification.api-validator" name="test_api[POST /api/v1/filesystem/mv/{resource_id}]" time="28.786" /><testcase classname="verification.api-validator" name="test_api[POST /api/v1/filesystem/cp/{resource_id}]" time="28.416" /><testcase classname="verification.api-validator" name="test_api[GET /api/v1/filesystem/download/{resource_id}]" time="20.911" /><testcase classname="verification.api-validator" name="test_api[POST /api/v1/filesystem/upload/{resource_id}]" time="19.611" /><testcase classname="verification.api-validator" name="test_api[GET /api/v1/status/resources]" time="22.902" /><testcase classname="verification.api-validator" name="test_api[GET /api/v1/status/resources/{resource_id}]" time="8.639" /><testcase classname="verification.api-validator" name="test_api[GET /api/v1/status/incidents]" time="102.975" /><testcase classname="verification.api-validator" name="test_api[GET /api/v1/status/incidents/{incident_id}]" time="10.280" /><testcase classname="verification.api-validator" name="test_api[GET /api/v1/status/events]" time="43.579" /><testcase classname="verification.api-validator" name="test_api[GET /api/v1/status/events/{event_id}]" time="9.507" /><testcase classname="verification.api-validator" name="test_api[GET /api/v1/task/{task_id}]" time="17.167" /><testcase classname="verification.api-validator" name="test_api[DELETE /api/v1/task/{task_id}]" time="13.080" /><testcase classname="verification.api-validator" name="test_api[GET /api/v1/task]" time="9.117" /></testsuite></testsuites>