<?xml version="1.0" encoding="utf-8"?><testsuites name="pytest tests"><testsuite name="pytest" errors="0" failures="0" skipped="1" tests="26" time="128.220" timestamp="2026-02-17T15:48:00.627264+00:00" hostname="runnervmjduv7"><properties>
[...]
</properties><testcase classname="verification.api-validator" name="test_spec_compliance" time="0.000"><skipped type="pytest.skip" message="Compliance mode not enabled">/home/runner/work/iri-facility-api-docs/iri-facility-api-docs/verification/api-validator.py:125: Compliance mode not enabled</skipped></testcase><testcase classname="verification.api-validator" name="test_api[GET /api/v1/status/resources]" time="0.684" /><testcase classname="verification.api-validator" name="test_api[GET /api/v1/status/resources/{resource_id}]" time="0.301" /><testcase classname="verification.api-validator" name="test_api[GET /api/v1/status/incidents]" time="1.185" /><testcase classname="verification.api-validator" name="test_api[GET /api/v1/status/incidents/{incident_id}]" time="0.271" /><testcase classname="verification.api-validator" name="test_api[GET /api/v1/status/incidents/{incident_id}/resources]" time="0.418" /><testcase classname="verification.api-validator" name="test_api[GET /api/v1/status/events]" time="0.678" /><testcase classname="verification.api-validator" name="test_api[GET /api/v1/status/events/{event_id}]" time="0.246" /><testcase classname="verification.api-validator" name="test_api[GET /api/v1/status/events/{event_id}/resource]" time="0.315" /><testcase classname="verification.api-validator" name="test_api[GET /api/v1/status/events/{event_id}/incident]" time="0.284" /><testcase classname="verification.api-validator" name="test_api[GET /api/v1/facility]" time="0.479" /><testcase classname="verification.api-validator" name="test_api[GET /api/v1/facility/sites]" time="0.684" /><testcase classname="verification.api-validator" name="test_api[GET /api/v1/facility/sites/{site_id}]" time="0.248" /><testcase classname="verification.api-validator" name="test_api[GET /api/v1/account]" time="0.061" /><testcase classname="verification.api-validator" name="test_api[GET /api/v1/account/user_allocations]" time="0.648" /><testcase classname="verification.api-validator" name="test_api[GET /api/v1/account/user_allocations/{user_allocation_id}]" time="0.247" /><testcase classname="verification.api-validator" name="test_api[GET /api/v1/account/projects]" time="0.732" /><testcase classname="verification.api-validator" name="test_api[GET /api/v1/account/projects/{project_id}]" time="0.269" /><testcase classname="verification.api-validator" name="test_api[GET /api/v1/account/projects/{project_id}/project_allocations]" time="0.437" /><testcase classname="verification.api-validator" name="test_api[GET /api/v1/account/projects/{project_id}/project_allocations/{project_allocation_id}]" time="0.220" /><testcase classname="verification.api-validator" name="test_api[GET /api/v1/account/projects/{project_id}/project_allocations/{project_allocation_id}/user_allocations]" time="0.423" /><testcase classname="verification.api-validator" name="test_api[GET /api/v1/account/projects/{project_id}/project_allocations/{project_allocation_id}/user_allocations/{user_allocation_id}]" time="0.323" /><testcase classname="verification.api-validator" name="test_api[GET /api/v1/account/project_allocations]" time="0.646" /><testcase classname="verification.api-validator" name="test_api[GET /api/v1/account/project_allocations/{project_allocation_id}]" time="0.275" /><testcase classname="verification.api-validator" name="test_api[GET /api/v1/account/capabilities]" time="0.687" /><testcase classname="verification.api-validator" name="test_api[GET /api/v1/account/capabilities/{capability_id}]" time="0.285" /></testsuite></testsuites>